--- JOB START ---
Main Job ID: 38764436
Array Task ID: 2
Running sample 2 of 2
---
[1] "Loading libraries"
[1] "Libraries loaded"
[1] "n_samp: 2"
[1] "L: 10"
[1] "n_chains: 2"
[1] "n_burnin: 500"
[1] "n_iter: 2000"
[1] "CSV path: 2022ACS"
[1] "Pop params path: params-pop-1"
[1] "Missingness params path: missingness_params-1"
[1] "This job is processing sample_index: 2"
[1] "Creating results folder: pop-params-pop-1-miss-missingness_params-1-n_samp-2-L-10-data-2022ACS-chains-2-burnin-500-iter-2000"
[1] "Saving population data to: pop-params-pop-1-miss-missingness_params-1-n_samp-2-L-10-data-2022ACS-chains-2-burnin-500-iter-2000/population_data.rds"
[1] "--- Starting process_sample for index 2 ---"
[1] "Processing sample 2 on process 1746089"
[1] "[SMOKE TEST] Skipping MICE..."
[1] "[SMOKE TEST] Skipping JAGS..."
[1] "Generating plots for sample 2"
[1] "[SMOKE TEST] Skipping PDF generation..."
[1] "Plots (skipped) would be saved to: pop-params-pop-1-miss-missingness_params-1-n_samp-2-L-10-data-2022ACS-chains-2-burnin-500-iter-2000/imputation_plots_samp_2.pdf"
[1] "--- Finished process_sample for index 2 ---"
[1] "Individual sample results saved to .rds files."
[1] "Script completed at: 2025-10-26 13:02:37.207178"
--- JOB SUCCESS ---
