JAGS 4.3.2-rhel9
Warning message:
package ‘reshape2’ was built under R version 4.4.3 

Attaching package: ‘tidyr’

The following object is masked from ‘package:reshape2’:

    smiths


Attaching package: ‘dplyr’

The following objects are masked from ‘package:stats’:

    filter, lag

The following objects are masked from ‘package:base’:

    intersect, setdiff, setequal, union


Attaching package: ‘mice’

The following object is masked from ‘package:stats’:

    filter

The following objects are masked from ‘package:base’:

    cbind, rbind

── Attaching core tidyverse packages ──────────────────────── tidyverse 2.0.0 ──
✔ forcats   1.0.0     ✔ readr     2.1.5
✔ lubridate 1.9.4     ✔ stringr   1.5.1
✔ purrr     1.0.2     ✔ tibble    3.2.1
── Conflicts ────────────────────────────────────────── tidyverse_conflicts() ──
✖ readr::col_factor() masks scales::col_factor()
✖ purrr::discard()    masks scales::discard()
✖ mice::filter()      masks dplyr::filter(), stats::filter()
✖ dplyr::lag()        masks stats::lag()
ℹ Use the conflicted package (<http://conflicted.r-lib.org/>) to force all conflicts to become errors

Attaching package: ‘jagsUI’

The following object is masked from ‘package:mice’:

    densityplot

Warning message:
Number of logged events: 300 
