--- JOB START ---
Main Job ID: 38767478
Array Task ID: 21
Running sample 21 of 50
---
[1] "Loading libraries"
[1] "Libraries loaded"
[1] "n_samp: 50"
[1] "L: 10"
[1] "n_chains: 2"
[1] "n_burnin: 250"
[1] "n_iter: 1000"
[1] "CSV path: 2022ACS"
[1] "Pop params path: params-pop-1"
[1] "Missingness params path: missingness_params-1"
[1] "This job is processing sample_index: 21"
[1] "Loading pre-generated population data from: pop-params-pop-1-miss-missingness_params-1-n_samp-50-L-10-data-2022ACS-chains-2-burnin-250-iter-1000/population_data.rds"
[1] "Population data loaded."
[1] "--- Starting process_sample for index 21 ---"
[1] "Processing sample 21 on process 1751758"

 iter imp variable
  1   1  x1  x2  x3  x4  x5  x6
  1   2  x1  x2  x3  x4  x5  x6
  1   3  x1  x2  x3  x4  x5  x6
  1   4  x1  x2  x3  x4  x5  x6
  1   5  x1  x2  x3  x4  x5  x6
  1   6  x1  x2  x3  x4  x5  x6
  1   7  x1  x2  x3  x4  x5  x6
  1   8  x1  x2  x3  x4  x5  x6
  1   9  x1  x2  x3  x4  x5  x6
  1   10  x1  x2  x3  x4  x5  x6
  2   1  x1  x2  x3  x4  x5  x6
  2   2  x1  x2  x3  x4  x5  x6
  2   3  x1  x2  x3  x4  x5  x6
  2   4  x1  x2  x3  x4  x5  x6
  2   5  x1  x2  x3  x4  x5  x6
  2   6  x1  x2  x3  x4  x5  x6
  2   7  x1  x2  x3  x4  x5  x6
  2   8  x1  x2  x3  x4  x5  x6
  2   9  x1  x2  x3  x4  x5  x6
  2   10  x1  x2  x3  x4  x5  x6
  3   1  x1  x2  x3  x4  x5  x6
  3   2  x1  x2  x3  x4  x5  x6
  3   3  x1  x2  x3  x4  x5  x6
  3   4  x1  x2  x3  x4  x5  x6
  3   5  x1  x2  x3  x4  x5  x6
  3   6  x1  x2  x3  x4  x5  x6
  3   7  x1  x2  x3  x4  x5  x6
  3   8  x1  x2  x3  x4  x5  x6
  3   9  x1  x2  x3  x4  x5  x6
  3   10  x1  x2  x3  x4  x5  x6
  4   1  x1  x2  x3  x4  x5  x6
  4   2  x1  x2  x3  x4  x5  x6
  4   3  x1  x2  x3  x4  x5  x6
  4   4  x1  x2  x3  x4  x5  x6
  4   5  x1  x2  x3  x4  x5  x6
  4   6  x1  x2  x3  x4  x5  x6
  4   7  x1  x2  x3  x4  x5  x6
  4   8  x1  x2  x3  x4  x5  x6
  4   9  x1  x2  x3  x4  x5  x6
  4   10  x1  x2  x3  x4  x5  x6
  5   1  x1  x2  x3  x4  x5  x6
  5   2  x1  x2  x3  x4  x5  x6
  5   3  x1  x2  x3  x4  x5  x6
  5   4  x1  x2  x3  x4  x5  x6
  5   5  x1  x2  x3  x4  x5  x6
  5   6  x1  x2  x3  x4  x5  x6
  5   7  x1  x2  x3  x4  x5  x6
  5   8  x1  x2  x3  x4  x5  x6
  5   9  x1  x2  x3  x4  x5  x6
  5   10  x1  x2  x3  x4  x5  x6

 iter imp variable
  1   1  x1  x2  x3  x4  x5  x6
  2   1  x1  x2  x3  x4  x5  x6
  3   1  x1  x2  x3  x4  x5  x6
  4   1  x1  x2  x3  x4  x5  x6
  5   1  x1  x2  x3  x4  x5  x6

Processing function input....... 

Done. 
 
Beginning parallel processing using 2 cores. Console output will be suppressed.

Parallel processing completed.

Calculating statistics....... 

Done. 
[1] "Saving JAGS summary for sample 21 to: pop-params-pop-1-miss-missingness_params-1-n_samp-50-L-10-data-2022ACS-chains-2-burnin-250-iter-1000/jags_summary_samp_21.csv"
Beginning parallel processing using 2 cores. Console output will be suppressed.

Parallel processing completed.

Calculating statistics....... 

Done. 
[1] "Stored 10 JAGS imputations for sample 21"
[1] "Generating plots for sample 21"
[1] "Plots saved to: pop-params-pop-1-miss-missingness_params-1-n_samp-50-L-10-data-2022ACS-chains-2-burnin-250-iter-1000/imputation_plots_samp_21.pdf"
[1] "--- Finished process_sample for index 21 ---"
[1] "Individual sample results saved to .rds files."
[1] "Script completed at: 2025-10-26 17:07:31.39774"
--- JOB SUCCESS ---
